/home/hju/pt_dist_launch/UF_tutorial_multinode_MONAI
c0903a-s23.ufhpc
Sat Sep 25 11:24:37 EDT 2021
Primary node: c0903a-s23
Primary TCP port: 10361
Secondary nodes: c1004a-s35
Running "/home/hju/pt_dist_launch/UF_tutorial_multinode_MONAI/unet_training_workflows_slurm.py" on each node...
[33mWARNING:[0m underlay of /etc/localtime required more than 50 (92) bind mounts
[33mWARNING:[0m underlay of /etc/localtime required more than 50 (92) bind mounts
[33mWARNING:[0m underlay of /etc/localtime required more than 50 (92) bind mounts
[33mWARNING:[0m underlay of /etc/localtime required more than 50 (92) bind mounts
[33mWARNING:[0m underlay of /etc/localtime required more than 50 (92) bind mounts
[33mWARNING:[0m underlay of /etc/localtime required more than 50 (92) bind mounts
[33mWARNING:[0m underlay of /etc/localtime required more than 50 (92) bind mounts
[33mWARNING:[0m underlay of /etc/localtime required more than 50 (92) bind mounts
[33mWARNING:[0m underlay of /etc/localtime required more than 50 (92) bind mounts
[33mWARNING:[0m underlay of /etc/localtime required more than 50 (92) bind mounts
[33mWARNING:[0m underlay of /etc/localtime required more than 50 (92) bind mounts
[33mWARNING:[0m underlay of /etc/localtime required more than 50 (92) bind mounts
[33mWARNING:[0m underlay of /etc/localtime required more than 50 (92) bind mounts
[33mWARNING:[0m underlay of /etc/localtime required more than 50 (92) bind mounts
[33mWARNING:[0m underlay of /etc/localtime required more than 50 (92) bind mounts
[33mWARNING:[0m underlay of /etc/localtime required more than 50 (92) bind mounts
[33mWARNING:[0m underlay of /usr/bin/nvidia-smi required more than 50 (473) bind mounts
[33mWARNING:[0m underlay of /usr/bin/nvidia-smi required more than 50 (473) bind mounts
[33mWARNING:[0m underlay of /usr/bin/nvidia-smi required more than 50 (473) bind mounts
[33mWARNING:[0m underlay of /usr/bin/nvidia-smi required more than 50 (473) bind mounts
[33mWARNING:[0m underlay of /usr/bin/nvidia-smi required more than 50 (473) bind mounts
[33mWARNING:[0m underlay of /usr/bin/nvidia-smi required more than 50 (473) bind mounts
[33mWARNING:[0m underlay of /usr/bin/nvidia-smi required more than 50 (473) bind mounts
[33mWARNING:[0m underlay of /usr/bin/nvidia-smi required more than 50 (473) bind mounts
[33mWARNING:[0m underlay of /usr/bin/nvidia-smi required more than 50 (473) bind mounts
[33mWARNING:[0m underlay of /usr/bin/nvidia-smi required more than 50 (473) bind mounts
[33mWARNING:[0m underlay of /usr/bin/nvidia-smi required more than 50 (473) bind mounts
[33mWARNING:[0m underlay of /usr/bin/nvidia-smi required more than 50 (473) bind mounts
[33mWARNING:[0m underlay of /usr/bin/nvidia-smi required more than 50 (473) bind mounts
[33mWARNING:[0m underlay of /usr/bin/nvidia-smi required more than 50 (473) bind mounts
[33mWARNING:[0m underlay of /usr/bin/nvidia-smi required more than 50 (473) bind mounts
[33mWARNING:[0m underlay of /usr/bin/nvidia-smi required more than 50 (473) bind mounts
rm: cannot remove '/usr/local/cuda/compat/lib': Read-only file system
rm: cannot remove '/usr/local/cuda/compat/lib': Read-only file system
rm: cannot remove '/usr/local/cuda/compat/lib': Read-only file system
rm: cannot remove '/usr/local/cuda/compat/lib': Read-only file system
rm: cannot remove '/usr/local/cuda/compat/lib': Read-only file system
rm: cannot remove '/usr/local/cuda/compat/lib': Read-only file system
rm: cannot remove '/usr/local/cuda/compat/lib': Read-only file system
rm: cannot remove '/usr/local/cuda/compat/lib': Read-only file system
rm: cannot remove '/usr/local/cuda/compat/lib': Read-only file system
rm: cannot remove '/usr/local/cuda/compat/lib': Read-only file system
rm: cannot remove '/usr/local/cuda/compat/lib': Read-only file system
rm: cannot remove '/usr/local/cuda/compat/lib': Read-only file system
rm: cannot remove '/usr/local/cuda/compat/lib': Read-only file system
rm: cannot remove '/usr/local/cuda/compat/lib': Read-only file system
rm: cannot remove '/usr/local/cuda/compat/lib': Read-only file system
rm: cannot remove '/usr/local/cuda/compat/lib': Read-only file system
INFO:torch.distributed.distributed_c10d:Added key: store_based_barrier_key:1 to store for rank: 3
INFO:torch.distributed.distributed_c10d:Added key: store_based_barrier_key:1 to store for rank: 0
INFO:torch.distributed.distributed_c10d:Added key: store_based_barrier_key:1 to store for rank: 6
INFO:torch.distributed.distributed_c10d:Added key: store_based_barrier_key:1 to store for rank: 9
INFO:torch.distributed.distributed_c10d:Added key: store_based_barrier_key:1 to store for rank: 8
INFO:torch.distributed.distributed_c10d:Added key: store_based_barrier_key:1 to store for rank: 4
INFO:torch.distributed.distributed_c10d:Added key: store_based_barrier_key:1 to store for rank: 5
INFO:torch.distributed.distributed_c10d:Added key: store_based_barrier_key:1 to store for rank: 2
INFO:torch.distributed.distributed_c10d:Added key: store_based_barrier_key:1 to store for rank: 15
INFO:torch.distributed.distributed_c10d:Added key: store_based_barrier_key:1 to store for rank: 10
INFO:torch.distributed.distributed_c10d:Added key: store_based_barrier_key:1 to store for rank: 1
INFO:torch.distributed.distributed_c10d:Added key: store_based_barrier_key:1 to store for rank: 7
INFO:torch.distributed.distributed_c10d:Added key: store_based_barrier_key:1 to store for rank: 13
INFO:torch.distributed.distributed_c10d:Added key: store_based_barrier_key:1 to store for rank: 12
INFO:torch.distributed.distributed_c10d:Added key: store_based_barrier_key:1 to store for rank: 14
INFO:torch.distributed.distributed_c10d:Added key: store_based_barrier_key:1 to store for rank: 11
INFO:torch.distributed.distributed_c10d:Rank 9: Completed store-based barrier for key:store_based_barrier_key:1 with 16 nodes.
INFO:torch.distributed.distributed_c10d:Rank 11: Completed store-based barrier for key:store_based_barrier_key:1 with 16 nodes.
INFO:torch.distributed.distributed_c10d:Rank 2: Completed store-based barrier for key:store_based_barrier_key:1 with 16 nodes.
INFO:torch.distributed.distributed_c10d:Rank 4: Completed store-based barrier for key:store_based_barrier_key:1 with 16 nodes.
INFO:torch.distributed.distributed_c10d:Rank 7: Completed store-based barrier for key:store_based_barrier_key:1 with 16 nodes.
INFO:torch.distributed.distributed_c10d:Rank 14: Completed store-based barrier for key:store_based_barrier_key:1 with 16 nodes.
INFO:torch.distributed.distributed_c10d:Rank 15: Completed store-based barrier for key:store_based_barrier_key:1 with 16 nodes.
INFO:torch.distributed.distributed_c10d:Rank 6: Completed store-based barrier for key:store_based_barrier_key:1 with 16 nodes.
INFO:torch.distributed.distributed_c10d:Rank 3: Completed store-based barrier for key:store_based_barrier_key:1 with 16 nodes.
INFO:torch.distributed.distributed_c10d:Rank 13: Completed store-based barrier for key:store_based_barrier_key:1 with 16 nodes.
INFO:torch.distributed.distributed_c10d:Rank 5: Completed store-based barrier for key:store_based_barrier_key:1 with 16 nodes.
INFO:torch.distributed.distributed_c10d:Rank 8: Completed store-based barrier for key:store_based_barrier_key:1 with 16 nodes.
INFO:torch.distributed.distributed_c10d:Rank 12: Completed store-based barrier for key:store_based_barrier_key:1 with 16 nodes.
INFO:torch.distributed.distributed_c10d:Rank 10: Completed store-based barrier for key:store_based_barrier_key:1 with 16 nodes.
INFO:torch.distributed.distributed_c10d:Rank 0: Completed store-based barrier for key:store_based_barrier_key:1 with 16 nodes.
INFO:torch.distributed.distributed_c10d:Rank 1: Completed store-based barrier for key:store_based_barrier_key:1 with 16 nodes.
NCCL version 2.10.3+cuda11.4
INFO:ignite.engine.engine.SupervisedTrainer:Engine run resuming from iteration 0, epoch 0 until 5 epochs
INFO:ignite.engine.engine.SupervisedTrainer:Engine run resuming from iteration 0, epoch 0 until 5 epochs
INFO:ignite.engine.engine.SupervisedTrainer:Engine run resuming from iteration 0, epoch 0 until 5 epochs
INFO:ignite.engine.engine.SupervisedTrainer:Engine run resuming from iteration 0, epoch 0 until 5 epochs
INFO:ignite.engine.engine.SupervisedTrainer:Engine run resuming from iteration 0, epoch 0 until 5 epochs
INFO:ignite.engine.engine.SupervisedTrainer:Engine run resuming from iteration 0, epoch 0 until 5 epochs
INFO:ignite.engine.engine.SupervisedTrainer:Engine run resuming from iteration 0, epoch 0 until 5 epochs
INFO:ignite.engine.engine.SupervisedTrainer:Engine run resuming from iteration 0, epoch 0 until 5 epochs
INFO:ignite.engine.engine.SupervisedTrainer:Engine run resuming from iteration 0, epoch 0 until 5 epochs
INFO:ignite.engine.engine.SupervisedTrainer:Engine run resuming from iteration 0, epoch 0 until 5 epochs
INFO:ignite.engine.engine.SupervisedTrainer:Engine run resuming from iteration 0, epoch 0 until 5 epochs
INFO:ignite.engine.engine.SupervisedTrainer:Engine run resuming from iteration 0, epoch 0 until 5 epochs
INFO:ignite.engine.engine.SupervisedTrainer:Engine run resuming from iteration 0, epoch 0 until 5 epochs
INFO:ignite.engine.engine.SupervisedTrainer:Engine run resuming from iteration 0, epoch 0 until 5 epochs
INFO:ignite.engine.engine.SupervisedTrainer:Engine run resuming from iteration 0, epoch 0 until 5 epochs
INFO:ignite.engine.engine.SupervisedTrainer:Engine run resuming from iteration 0, epoch 0 until 5 epochs
INFO:ignite.engine.engine.SupervisedTrainer:Epoch: 1/5, Iter: 1/2 -- train_loss: 0.5543 
INFO:root:Reducer buckets have been rebuilt in this iteration.
INFO:root:Reducer buckets have been rebuilt in this iteration.
INFO:root:Reducer buckets have been rebuilt in this iteration.
INFO:root:Reducer buckets have been rebuilt in this iteration.
INFO:root:Reducer buckets have been rebuilt in this iteration.
INFO:root:Reducer buckets have been rebuilt in this iteration.
INFO:root:Reducer buckets have been rebuilt in this iteration.
INFO:root:Reducer buckets have been rebuilt in this iteration.
INFO:root:Reducer buckets have been rebuilt in this iteration.
INFO:root:Reducer buckets have been rebuilt in this iteration.
INFO:root:Reducer buckets have been rebuilt in this iteration.
INFO:root:Reducer buckets have been rebuilt in this iteration.
INFO:root:Reducer buckets have been rebuilt in this iteration.
INFO:root:Reducer buckets have been rebuilt in this iteration.
INFO:root:Reducer buckets have been rebuilt in this iteration.
INFO:root:Reducer buckets have been rebuilt in this iteration.
INFO:ignite.engine.engine.SupervisedTrainer:Epoch: 1/5, Iter: 2/2 -- train_loss: 0.5045 
INFO:ignite.engine.engine.SupervisedTrainer:Got new best metric of train_acc: 0.7107691897286309
INFO:ignite.engine.engine.SupervisedTrainer:Current learning rate: 0.001
INFO:ignite.engine.engine.SupervisedTrainer:Epoch[1] Metrics -- train_acc: 0.7108 
INFO:ignite.engine.engine.SupervisedTrainer:Key metric: train_acc best value: 0.7107691897286309 at epoch: 1
INFO:ignite.engine.engine.SupervisedTrainer:Epoch[1] Complete. Time taken: 00:00:28
INFO:ignite.engine.engine.SupervisedTrainer:Got new best metric of train_acc: 0.7107691897286309
INFO:ignite.engine.engine.SupervisedTrainer:Current learning rate: 0.001
INFO:ignite.engine.engine.SupervisedTrainer:Epoch[1] Complete. Time taken: 00:00:28
INFO:ignite.engine.engine.SupervisedTrainer:Got new best metric of train_acc: 0.7107691897286309
INFO:ignite.engine.engine.SupervisedTrainer:Current learning rate: 0.001
INFO:ignite.engine.engine.SupervisedTrainer:Epoch[1] Complete. Time taken: 00:00:28
INFO:ignite.engine.engine.SupervisedTrainer:Got new best metric of train_acc: 0.7107691897286309
INFO:ignite.engine.engine.SupervisedTrainer:Current learning rate: 0.001
INFO:ignite.engine.engine.SupervisedTrainer:Epoch[1] Complete. Time taken: 00:00:28
INFO:ignite.engine.engine.SupervisedTrainer:Got new best metric of train_acc: 0.7107691897286309
INFO:ignite.engine.engine.SupervisedTrainer:Current learning rate: 0.001
INFO:ignite.engine.engine.SupervisedTrainer:Epoch[1] Complete. Time taken: 00:00:28
INFO:ignite.engine.engine.SupervisedTrainer:Got new best metric of train_acc: 0.7107691897286309
INFO:ignite.engine.engine.SupervisedTrainer:Current learning rate: 0.001
INFO:ignite.engine.engine.SupervisedTrainer:Epoch[1] Complete. Time taken: 00:00:28
INFO:ignite.engine.engine.SupervisedTrainer:Got new best metric of train_acc: 0.7107691897286309
INFO:ignite.engine.engine.SupervisedTrainer:Current learning rate: 0.001
INFO:ignite.engine.engine.SupervisedTrainer:Epoch[1] Complete. Time taken: 00:00:28
INFO:ignite.engine.engine.SupervisedTrainer:Got new best metric of train_acc: 0.7107691897286309
INFO:ignite.engine.engine.SupervisedTrainer:Current learning rate: 0.001
INFO:ignite.engine.engine.SupervisedTrainer:Epoch[1] Complete. Time taken: 00:00:28
INFO:ignite.engine.engine.SupervisedTrainer:Got new best metric of train_acc: 0.7107691897286309
INFO:ignite.engine.engine.SupervisedTrainer:Got new best metric of train_acc: 0.7107691897286309
INFO:ignite.engine.engine.SupervisedTrainer:Got new best metric of train_acc: 0.7107691897286309
INFO:ignite.engine.engine.SupervisedTrainer:Got new best metric of train_acc: 0.7107691897286309
INFO:ignite.engine.engine.SupervisedTrainer:Got new best metric of train_acc: 0.7107691897286309
INFO:ignite.engine.engine.SupervisedTrainer:Got new best metric of train_acc: 0.7107691897286309
INFO:ignite.engine.engine.SupervisedTrainer:Got new best metric of train_acc: 0.7107691897286309
INFO:ignite.engine.engine.SupervisedTrainer:Got new best metric of train_acc: 0.7107691897286309
INFO:ignite.engine.engine.SupervisedTrainer:Current learning rate: 0.001
INFO:ignite.engine.engine.SupervisedTrainer:Epoch[1] Complete. Time taken: 00:00:29
INFO:ignite.engine.engine.SupervisedTrainer:Current learning rate: 0.001
INFO:ignite.engine.engine.SupervisedTrainer:Epoch[1] Complete. Time taken: 00:00:29
INFO:ignite.engine.engine.SupervisedTrainer:Current learning rate: 0.001
INFO:ignite.engine.engine.SupervisedTrainer:Epoch[1] Complete. Time taken: 00:00:29
INFO:ignite.engine.engine.SupervisedTrainer:Current learning rate: 0.001
INFO:ignite.engine.engine.SupervisedTrainer:Epoch[1] Complete. Time taken: 00:00:29
INFO:ignite.engine.engine.SupervisedTrainer:Current learning rate: 0.001
INFO:ignite.engine.engine.SupervisedTrainer:Epoch[1] Complete. Time taken: 00:00:29
INFO:ignite.engine.engine.SupervisedTrainer:Current learning rate: 0.001
INFO:ignite.engine.engine.SupervisedTrainer:Epoch[1] Complete. Time taken: 00:00:29
INFO:ignite.engine.engine.SupervisedTrainer:Current learning rate: 0.001
INFO:ignite.engine.engine.SupervisedTrainer:Epoch[1] Complete. Time taken: 00:00:29
INFO:ignite.engine.engine.SupervisedTrainer:Current learning rate: 0.001
INFO:ignite.engine.engine.SupervisedTrainer:Epoch[1] Complete. Time taken: 00:00:29
[W pthreadpool-cpp.cc:99] Warning: Leaking Caffe2 thread-pool after fork. (function pthreadpool)
[W pthreadpool-cpp.cc:99] Warning: Leaking Caffe2 thread-pool after fork. (function pthreadpool)
[W pthreadpool-cpp.cc:99] Warning: Leaking Caffe2 thread-pool after fork. (function pthreadpool)
[W pthreadpool-cpp.cc:99] Warning: Leaking Caffe2 thread-pool after fork. (function pthreadpool)
[W pthreadpool-cpp.cc:99] Warning: Leaking Caffe2 thread-pool after fork. (function pthreadpool)
[W pthreadpool-cpp.cc:99] Warning: Leaking Caffe2 thread-pool after fork. (function pthreadpool)
[W pthreadpool-cpp.cc:99] Warning: Leaking Caffe2 thread-pool after fork. (function pthreadpool)
[W pthreadpool-cpp.cc:99] Warning: Leaking Caffe2 thread-pool after fork. (function pthreadpool)
[W pthreadpool-cpp.cc:99] Warning: Leaking Caffe2 thread-pool after fork. (function pthreadpool)
[W pthreadpool-cpp.cc:99] Warning: Leaking Caffe2 thread-pool after fork. (function pthreadpool)
[W pthreadpool-cpp.cc:99] Warning: Leaking Caffe2 thread-pool after fork. (function pthreadpool)
[W pthreadpool-cpp.cc:99] Warning: Leaking Caffe2 thread-pool after fork. (function pthreadpool)
[W pthreadpool-cpp.cc:99] Warning: Leaking Caffe2 thread-pool after fork. (function pthreadpool)
[W pthreadpool-cpp.cc:99] Warning: Leaking Caffe2 thread-pool after fork. (function pthreadpool)
[W pthreadpool-cpp.cc:99] Warning: Leaking Caffe2 thread-pool after fork. (function pthreadpool)
[W pthreadpool-cpp.cc:99] Warning: Leaking Caffe2 thread-pool after fork. (function pthreadpool)
[W pthreadpool-cpp.cc:99] Warning: Leaking Caffe2 thread-pool after fork. (function pthreadpool)
[W pthreadpool-cpp.cc:99] Warning: Leaking Caffe2 thread-pool after fork. (function pthreadpool)
[W pthreadpool-cpp.cc:99] Warning: Leaking Caffe2 thread-pool after fork. (function pthreadpool)
[W pthreadpool-cpp.cc:99] Warning: Leaking Caffe2 thread-pool after fork. (function pthreadpool)
[W pthreadpool-cpp.cc:99] Warning: Leaking Caffe2 thread-pool after fork. (function pthreadpool)
[W pthreadpool-cpp.cc:99] Warning: Leaking Caffe2 thread-pool after fork. (function pthreadpool)
[W pthreadpool-cpp.cc:99] Warning: Leaking Caffe2 thread-pool after fork. (function pthreadpool)
[W pthreadpool-cpp.cc:99] Warning: Leaking Caffe2 thread-pool after fork. (function pthreadpool)
[W pthreadpool-cpp.cc:99] Warning: Leaking Caffe2 thread-pool after fork. (function pthreadpool)
[W pthreadpool-cpp.cc:99] Warning: Leaking Caffe2 thread-pool after fork. (function pthreadpool)
[W pthreadpool-cpp.cc:99] Warning: Leaking Caffe2 thread-pool after fork. (function pthreadpool)
[W pthreadpool-cpp.cc:99] Warning: Leaking Caffe2 thread-pool after fork. (function pthreadpool)
[W pthreadpool-cpp.cc:99] Warning: Leaking Caffe2 thread-pool after fork. (function pthreadpool)
[W pthreadpool-cpp.cc:99] Warning: Leaking Caffe2 thread-pool after fork. (function pthreadpool)
[W pthreadpool-cpp.cc:99] Warning: Leaking Caffe2 thread-pool after fork. (function pthreadpool)
[W pthreadpool-cpp.cc:99] Warning: Leaking Caffe2 thread-pool after fork. (function pthreadpool)
INFO:ignite.engine.engine.SupervisedTrainer:Epoch: 2/5, Iter: 1/2 -- train_loss: 0.4681 
INFO:ignite.engine.engine.SupervisedTrainer:Epoch: 2/5, Iter: 2/2 -- train_loss: 0.4073 
INFO:ignite.engine.engine.SupervisedTrainer:Got new best metric of train_acc: 0.9414910696170948
INFO:ignite.engine.engine.SupervisedTrainer:Got new best metric of train_acc: 0.9414910696170948
INFO:ignite.engine.engine.SupervisedTrainer:Current learning rate: 0.0001
INFO:ignite.engine.engine.SupervisedTrainer:Epoch[2] Complete. Time taken: 00:00:02
INFO:ignite.engine.engine.SupervisedTrainer:Got new best metric of train_acc: 0.9414910696170948
INFO:ignite.engine.engine.SupervisedTrainer:Current learning rate: 0.0001
INFO:ignite.engine.engine.SupervisedTrainer:Epoch[2] Complete. Time taken: 00:00:02
INFO:ignite.engine.engine.SupervisedTrainer:Got new best metric of train_acc: 0.9414910696170948
INFO:ignite.engine.engine.SupervisedTrainer:Current learning rate: 0.0001
INFO:ignite.engine.engine.SupervisedTrainer:Epoch[2] Complete. Time taken: 00:00:02
INFO:ignite.engine.engine.SupervisedTrainer:Got new best metric of train_acc: 0.9414910696170948
INFO:ignite.engine.engine.SupervisedTrainer:Current learning rate: 0.0001
INFO:ignite.engine.engine.SupervisedTrainer:Epoch[2] Complete. Time taken: 00:00:02
INFO:ignite.engine.engine.SupervisedTrainer:Got new best metric of train_acc: 0.9414910696170948
INFO:ignite.engine.engine.SupervisedTrainer:Current learning rate: 0.0001
INFO:ignite.engine.engine.SupervisedTrainer:Epoch[2] Complete. Time taken: 00:00:02
INFO:ignite.engine.engine.SupervisedTrainer:Got new best metric of train_acc: 0.9414910696170948
INFO:ignite.engine.engine.SupervisedTrainer:Current learning rate: 0.0001
INFO:ignite.engine.engine.SupervisedTrainer:Epoch[2] Complete. Time taken: 00:00:02
INFO:ignite.engine.engine.SupervisedTrainer:Got new best metric of train_acc: 0.9414910696170948
INFO:ignite.engine.engine.SupervisedTrainer:Current learning rate: 0.0001
INFO:ignite.engine.engine.SupervisedTrainer:Epoch[2] Complete. Time taken: 00:00:02
INFO:ignite.engine.engine.SupervisedTrainer:Got new best metric of train_acc: 0.9414910696170948
INFO:ignite.engine.engine.SupervisedTrainer:Current learning rate: 0.0001
INFO:ignite.engine.engine.SupervisedTrainer:Epoch[2] Complete. Time taken: 00:00:02
INFO:ignite.engine.engine.SupervisedTrainer:Current learning rate: 0.0001
INFO:ignite.engine.engine.SupervisedTrainer:Epoch[2] Metrics -- train_acc: 0.9415 
INFO:ignite.engine.engine.SupervisedTrainer:Key metric: train_acc best value: 0.9414910696170948 at epoch: 2
INFO:ignite.engine.engine.SupervisedTrainer:Got new best metric of train_acc: 0.9414910696170948
INFO:ignite.engine.engine.SupervisedTrainer:Current learning rate: 0.0001
INFO:ignite.engine.engine.SupervisedTrainer:Epoch[2] Complete. Time taken: 00:00:02
INFO:ignite.engine.engine.SupervisedTrainer:Got new best metric of train_acc: 0.9414910696170948
INFO:ignite.engine.engine.SupervisedTrainer:Current learning rate: 0.0001
INFO:ignite.engine.engine.SupervisedTrainer:Epoch[2] Complete. Time taken: 00:00:02
INFO:ignite.engine.engine.SupervisedTrainer:Got new best metric of train_acc: 0.9414910696170948
INFO:ignite.engine.engine.SupervisedTrainer:Current learning rate: 0.0001
INFO:ignite.engine.engine.SupervisedTrainer:Epoch[2] Complete. Time taken: 00:00:02
INFO:ignite.engine.engine.SupervisedTrainer:Got new best metric of train_acc: 0.9414910696170948
INFO:ignite.engine.engine.SupervisedTrainer:Current learning rate: 0.0001
INFO:ignite.engine.engine.SupervisedTrainer:Epoch[2] Complete. Time taken: 00:00:02
INFO:ignite.engine.engine.SupervisedTrainer:Got new best metric of train_acc: 0.9414910696170948
INFO:ignite.engine.engine.SupervisedTrainer:Current learning rate: 0.0001
INFO:ignite.engine.engine.SupervisedTrainer:Epoch[2] Complete. Time taken: 00:00:02
INFO:ignite.engine.engine.SupervisedTrainer:Got new best metric of train_acc: 0.9414910696170948
INFO:ignite.engine.engine.SupervisedTrainer:Current learning rate: 0.0001
INFO:ignite.engine.engine.SupervisedTrainer:Epoch[2] Complete. Time taken: 00:00:02
INFO:ignite.engine.engine.SupervisedTrainer:Got new best metric of train_acc: 0.9414910696170948
INFO:ignite.engine.engine.SupervisedTrainer:Current learning rate: 0.0001
INFO:ignite.engine.engine.SupervisedTrainer:Epoch[2] Complete. Time taken: 00:00:02
[W pthreadpool-cpp.cc:99] Warning: Leaking Caffe2 thread-pool after fork. (function pthreadpool)
[W pthreadpool-cpp.cc:99] Warning: Leaking Caffe2 thread-pool after fork. (function pthreadpool)
[W pthreadpool-cpp.cc:99] Warning: Leaking Caffe2 thread-pool after fork. (function pthreadpool)
[W pthreadpool-cpp.cc:99] Warning: Leaking Caffe2 thread-pool after fork. (function pthreadpool)
[W pthreadpool-cpp.cc:99] Warning: Leaking Caffe2 thread-pool after fork. (function pthreadpool)
[W pthreadpool-cpp.cc:99] Warning: Leaking Caffe2 thread-pool after fork. (function pthreadpool)
[W pthreadpool-cpp.cc:99] Warning: Leaking Caffe2 thread-pool after fork. (function pthreadpool)
[W pthreadpool-cpp.cc:99] Warning: Leaking Caffe2 thread-pool after fork. (function pthreadpool)
[W pthreadpool-cpp.cc:99] Warning: Leaking Caffe2 thread-pool after fork. (function pthreadpool)
[W pthreadpool-cpp.cc:99] Warning: Leaking Caffe2 thread-pool after fork. (function pthreadpool)
[W pthreadpool-cpp.cc:99] Warning: Leaking Caffe2 thread-pool after fork. (function pthreadpool)
[W pthreadpool-cpp.cc:99] Warning: Leaking Caffe2 thread-pool after fork. (function pthreadpool)
[W pthreadpool-cpp.cc:99] Warning: Leaking Caffe2 thread-pool after fork. (function pthreadpool)
[W pthreadpool-cpp.cc:99] Warning: Leaking Caffe2 thread-pool after fork. (function pthreadpool)
[W pthreadpool-cpp.cc:99] Warning: Leaking Caffe2 thread-pool after fork. (function pthreadpool)
[W pthreadpool-cpp.cc:99] Warning: Leaking Caffe2 thread-pool after fork. (function pthreadpool)
[W pthreadpool-cpp.cc:99] Warning: Leaking Caffe2 thread-pool after fork. (function pthreadpool)
[W pthreadpool-cpp.cc:99] Warning: Leaking Caffe2 thread-pool after fork. (function pthreadpool)
[W pthreadpool-cpp.cc:99] Warning: Leaking Caffe2 thread-pool after fork. (function pthreadpool)
[W pthreadpool-cpp.cc:99] Warning: Leaking Caffe2 thread-pool after fork. (function pthreadpool)
[W pthreadpool-cpp.cc:99] Warning: Leaking Caffe2 thread-pool after fork. (function pthreadpool)
[W pthreadpool-cpp.cc:99] Warning: Leaking Caffe2 thread-pool after fork. (function pthreadpool)
[W pthreadpool-cpp.cc:99] Warning: Leaking Caffe2 thread-pool after fork. (function pthreadpool)
[W pthreadpool-cpp.cc:99] Warning: Leaking Caffe2 thread-pool after fork. (function pthreadpool)
[W pthreadpool-cpp.cc:99] Warning: Leaking Caffe2 thread-pool after fork. (function pthreadpool)
[W pthreadpool-cpp.cc:99] Warning: Leaking Caffe2 thread-pool after fork. (function pthreadpool)
[W pthreadpool-cpp.cc:99] Warning: Leaking Caffe2 thread-pool after fork. (function pthreadpool)
[W pthreadpool-cpp.cc:99] Warning: Leaking Caffe2 thread-pool after fork. (function pthreadpool)
[W pthreadpool-cpp.cc:99] Warning: Leaking Caffe2 thread-pool after fork. (function pthreadpool)
[W pthreadpool-cpp.cc:99] Warning: Leaking Caffe2 thread-pool after fork. (function pthreadpool)
INFO:ignite.engine.engine.SupervisedTrainer:Saved checkpoint at epoch: 2
INFO:ignite.engine.engine.SupervisedTrainer:Epoch[2] Complete. Time taken: 00:00:02
[W pthreadpool-cpp.cc:99] Warning: Leaking Caffe2 thread-pool after fork. (function pthreadpool)
[W pthreadpool-cpp.cc:99] Warning: Leaking Caffe2 thread-pool after fork. (function pthreadpool)
INFO:ignite.engine.engine.SupervisedTrainer:Epoch: 3/5, Iter: 1/2 -- train_loss: 0.4465 
INFO:ignite.engine.engine.SupervisedTrainer:Epoch: 3/5, Iter: 2/2 -- train_loss: 0.4152 
INFO:ignite.engine.engine.SupervisedTrainer:Got new best metric of train_acc: 0.9498168230056763
INFO:ignite.engine.engine.SupervisedTrainer:Current learning rate: 0.0001
INFO:ignite.engine.engine.SupervisedTrainer:Epoch[3] Metrics -- train_acc: 0.9498 
INFO:ignite.engine.engine.SupervisedTrainer:Key metric: train_acc best value: 0.9498168230056763 at epoch: 3
INFO:ignite.engine.engine.SupervisedTrainer:Epoch[3] Complete. Time taken: 00:00:02
INFO:ignite.engine.engine.SupervisedTrainer:Got new best metric of train_acc: 0.9498168230056763
INFO:ignite.engine.engine.SupervisedTrainer:Current learning rate: 0.0001
INFO:ignite.engine.engine.SupervisedTrainer:Epoch[3] Complete. Time taken: 00:00:02
INFO:ignite.engine.engine.SupervisedTrainer:Got new best metric of train_acc: 0.9498168230056763
INFO:ignite.engine.engine.SupervisedTrainer:Current learning rate: 0.0001
INFO:ignite.engine.engine.SupervisedTrainer:Epoch[3] Complete. Time taken: 00:00:02
INFO:ignite.engine.engine.SupervisedTrainer:Got new best metric of train_acc: 0.9498168230056763
INFO:ignite.engine.engine.SupervisedTrainer:Current learning rate: 0.0001
INFO:ignite.engine.engine.SupervisedTrainer:Epoch[3] Complete. Time taken: 00:00:02
INFO:ignite.engine.engine.SupervisedTrainer:Got new best metric of train_acc: 0.9498168230056763
INFO:ignite.engine.engine.SupervisedTrainer:Current learning rate: 0.0001
INFO:ignite.engine.engine.SupervisedTrainer:Epoch[3] Complete. Time taken: 00:00:02
INFO:ignite.engine.engine.SupervisedTrainer:Got new best metric of train_acc: 0.9498168230056763
INFO:ignite.engine.engine.SupervisedTrainer:Current learning rate: 0.0001
INFO:ignite.engine.engine.SupervisedTrainer:Epoch[3] Complete. Time taken: 00:00:02
INFO:ignite.engine.engine.SupervisedTrainer:Got new best metric of train_acc: 0.9498168230056763
INFO:ignite.engine.engine.SupervisedTrainer:Current learning rate: 0.0001
INFO:ignite.engine.engine.SupervisedTrainer:Epoch[3] Complete. Time taken: 00:00:02
INFO:ignite.engine.engine.SupervisedTrainer:Got new best metric of train_acc: 0.9498168230056763
INFO:ignite.engine.engine.SupervisedTrainer:Current learning rate: 0.0001
INFO:ignite.engine.engine.SupervisedTrainer:Epoch[3] Complete. Time taken: 00:00:02
INFO:ignite.engine.engine.SupervisedTrainer:Got new best metric of train_acc: 0.9498168230056763
INFO:ignite.engine.engine.SupervisedTrainer:Current learning rate: 0.0001
INFO:ignite.engine.engine.SupervisedTrainer:Epoch[3] Complete. Time taken: 00:00:02
INFO:ignite.engine.engine.SupervisedTrainer:Got new best metric of train_acc: 0.9498168230056763
INFO:ignite.engine.engine.SupervisedTrainer:Current learning rate: 0.0001
INFO:ignite.engine.engine.SupervisedTrainer:Epoch[3] Complete. Time taken: 00:00:02
INFO:ignite.engine.engine.SupervisedTrainer:Got new best metric of train_acc: 0.9498168230056763
INFO:ignite.engine.engine.SupervisedTrainer:Current learning rate: 0.0001
INFO:ignite.engine.engine.SupervisedTrainer:Epoch[3] Complete. Time taken: 00:00:02
INFO:ignite.engine.engine.SupervisedTrainer:Got new best metric of train_acc: 0.9498168230056763
INFO:ignite.engine.engine.SupervisedTrainer:Current learning rate: 0.0001
INFO:ignite.engine.engine.SupervisedTrainer:Epoch[3] Complete. Time taken: 00:00:02
INFO:ignite.engine.engine.SupervisedTrainer:Got new best metric of train_acc: 0.9498168230056763
INFO:ignite.engine.engine.SupervisedTrainer:Current learning rate: 0.0001
INFO:ignite.engine.engine.SupervisedTrainer:Epoch[3] Complete. Time taken: 00:00:02
INFO:ignite.engine.engine.SupervisedTrainer:Got new best metric of train_acc: 0.9498168230056763
INFO:ignite.engine.engine.SupervisedTrainer:Current learning rate: 0.0001
INFO:ignite.engine.engine.SupervisedTrainer:Epoch[3] Complete. Time taken: 00:00:02
INFO:ignite.engine.engine.SupervisedTrainer:Got new best metric of train_acc: 0.9498168230056763
INFO:ignite.engine.engine.SupervisedTrainer:Current learning rate: 0.0001
INFO:ignite.engine.engine.SupervisedTrainer:Epoch[3] Complete. Time taken: 00:00:02
INFO:ignite.engine.engine.SupervisedTrainer:Got new best metric of train_acc: 0.9498168230056763
INFO:ignite.engine.engine.SupervisedTrainer:Current learning rate: 0.0001
INFO:ignite.engine.engine.SupervisedTrainer:Epoch[3] Complete. Time taken: 00:00:02
[W pthreadpool-cpp.cc:99] Warning: Leaking Caffe2 thread-pool after fork. (function pthreadpool)
[W pthreadpool-cpp.cc:99] Warning: Leaking Caffe2 thread-pool after fork. (function pthreadpool)
[W pthreadpool-cpp.cc:99] Warning: Leaking Caffe2 thread-pool after fork. (function pthreadpool)
[W pthreadpool-cpp.cc:99] Warning: Leaking Caffe2 thread-pool after fork. (function pthreadpool)
[W pthreadpool-cpp.cc:99] Warning: Leaking Caffe2 thread-pool after fork. (function pthreadpool)
[W pthreadpool-cpp.cc:99] Warning: Leaking Caffe2 thread-pool after fork. (function pthreadpool)
[W pthreadpool-cpp.cc:99] Warning: Leaking Caffe2 thread-pool after fork. (function pthreadpool)
[W pthreadpool-cpp.cc:99] Warning: Leaking Caffe2 thread-pool after fork. (function pthreadpool)
[W pthreadpool-cpp.cc:99] Warning: Leaking Caffe2 thread-pool after fork. (function pthreadpool)
[W pthreadpool-cpp.cc:99] Warning: Leaking Caffe2 thread-pool after fork. (function pthreadpool)
[W pthreadpool-cpp.cc:99] Warning: Leaking Caffe2 thread-pool after fork. (function pthreadpool)
[W pthreadpool-cpp.cc:99] Warning: Leaking Caffe2 thread-pool after fork. (function pthreadpool)
[W pthreadpool-cpp.cc:99] Warning: Leaking Caffe2 thread-pool after fork. (function pthreadpool)
[W pthreadpool-cpp.cc:99] Warning: Leaking Caffe2 thread-pool after fork. (function pthreadpool)
[W pthreadpool-cpp.cc:99] Warning: Leaking Caffe2 thread-pool after fork. (function pthreadpool)
[W pthreadpool-cpp.cc:99] Warning: Leaking Caffe2 thread-pool after fork. (function pthreadpool)
[W pthreadpool-cpp.cc:99] Warning: Leaking Caffe2 thread-pool after fork. (function pthreadpool)
[W pthreadpool-cpp.cc:99] Warning: Leaking Caffe2 thread-pool after fork. (function pthreadpool)
[W pthreadpool-cpp.cc:99] Warning: Leaking Caffe2 thread-pool after fork. (function pthreadpool)
[W pthreadpool-cpp.cc:99] Warning: Leaking Caffe2 thread-pool after fork. (function pthreadpool)
[W pthreadpool-cpp.cc:99] Warning: Leaking Caffe2 thread-pool after fork. (function pthreadpool)
[W pthreadpool-cpp.cc:99] Warning: Leaking Caffe2 thread-pool after fork. (function pthreadpool)
[W pthreadpool-cpp.cc:99] Warning: Leaking Caffe2 thread-pool after fork. (function pthreadpool)
[W pthreadpool-cpp.cc:99] Warning: Leaking Caffe2 thread-pool after fork. (function pthreadpool)
[W pthreadpool-cpp.cc:99] Warning: Leaking Caffe2 thread-pool after fork. (function pthreadpool)
[W pthreadpool-cpp.cc:99] Warning: Leaking Caffe2 thread-pool after fork. (function pthreadpool)
[W pthreadpool-cpp.cc:99] Warning: Leaking Caffe2 thread-pool after fork. (function pthreadpool)
[W pthreadpool-cpp.cc:99] Warning: Leaking Caffe2 thread-pool after fork. (function pthreadpool)
[W pthreadpool-cpp.cc:99] Warning: Leaking Caffe2 thread-pool after fork. (function pthreadpool)
[W pthreadpool-cpp.cc:99] Warning: Leaking Caffe2 thread-pool after fork. (function pthreadpool)
[W pthreadpool-cpp.cc:99] Warning: Leaking Caffe2 thread-pool after fork. (function pthreadpool)
[W pthreadpool-cpp.cc:99] Warning: Leaking Caffe2 thread-pool after fork. (function pthreadpool)
INFO:ignite.engine.engine.SupervisedTrainer:Epoch: 4/5, Iter: 1/2 -- train_loss: 0.4371 
INFO:ignite.engine.engine.SupervisedTrainer:Epoch: 4/5, Iter: 2/2 -- train_loss: 0.4214 
INFO:ignite.engine.engine.SupervisedTrainer:Current learning rate: 1e-05
INFO:ignite.engine.engine.SupervisedTrainer:Epoch[4] Complete. Time taken: 00:00:02
INFO:ignite.engine.engine.SupervisedTrainer:Current learning rate: 1e-05
INFO:ignite.engine.engine.SupervisedTrainer:Epoch[4] Complete. Time taken: 00:00:02
INFO:ignite.engine.engine.SupervisedTrainer:Current learning rate: 1e-05
INFO:ignite.engine.engine.SupervisedTrainer:Epoch[4] Complete. Time taken: 00:00:02
INFO:ignite.engine.engine.SupervisedTrainer:Current learning rate: 1e-05
INFO:ignite.engine.engine.SupervisedTrainer:Epoch[4] Complete. Time taken: 00:00:02
INFO:ignite.engine.engine.SupervisedTrainer:Current learning rate: 1e-05
INFO:ignite.engine.engine.SupervisedTrainer:Epoch[4] Complete. Time taken: 00:00:02
INFO:ignite.engine.engine.SupervisedTrainer:Current learning rate: 1e-05
INFO:ignite.engine.engine.SupervisedTrainer:Epoch[4] Complete. Time taken: 00:00:02
INFO:ignite.engine.engine.SupervisedTrainer:Current learning rate: 1e-05
INFO:ignite.engine.engine.SupervisedTrainer:Epoch[4] Complete. Time taken: 00:00:02
INFO:ignite.engine.engine.SupervisedTrainer:Current learning rate: 1e-05
INFO:ignite.engine.engine.SupervisedTrainer:Epoch[4] Complete. Time taken: 00:00:02
INFO:ignite.engine.engine.SupervisedTrainer:Current learning rate: 1e-05
INFO:ignite.engine.engine.SupervisedTrainer:Epoch[4] Metrics -- train_acc: 0.9493 
INFO:ignite.engine.engine.SupervisedTrainer:Key metric: train_acc best value: 0.9498168230056763 at epoch: 3
INFO:ignite.engine.engine.SupervisedTrainer:Current learning rate: 1e-05
INFO:ignite.engine.engine.SupervisedTrainer:Epoch[4] Complete. Time taken: 00:00:02
INFO:ignite.engine.engine.SupervisedTrainer:Current learning rate: 1e-05
INFO:ignite.engine.engine.SupervisedTrainer:Epoch[4] Complete. Time taken: 00:00:02
INFO:ignite.engine.engine.SupervisedTrainer:Current learning rate: 1e-05
INFO:ignite.engine.engine.SupervisedTrainer:Epoch[4] Complete. Time taken: 00:00:02
INFO:ignite.engine.engine.SupervisedTrainer:Current learning rate: 1e-05
INFO:ignite.engine.engine.SupervisedTrainer:Epoch[4] Complete. Time taken: 00:00:02
INFO:ignite.engine.engine.SupervisedTrainer:Current learning rate: 1e-05
INFO:ignite.engine.engine.SupervisedTrainer:Epoch[4] Complete. Time taken: 00:00:02
INFO:ignite.engine.engine.SupervisedTrainer:Current learning rate: 1e-05
INFO:ignite.engine.engine.SupervisedTrainer:Epoch[4] Complete. Time taken: 00:00:02
INFO:ignite.engine.engine.SupervisedTrainer:Current learning rate: 1e-05
INFO:ignite.engine.engine.SupervisedTrainer:Epoch[4] Complete. Time taken: 00:00:02
[W pthreadpool-cpp.cc:99] Warning: Leaking Caffe2 thread-pool after fork. (function pthreadpool)
[W pthreadpool-cpp.cc:99] Warning: Leaking Caffe2 thread-pool after fork. (function pthreadpool)
[W pthreadpool-cpp.cc:99] Warning: Leaking Caffe2 thread-pool after fork. (function pthreadpool)
[W pthreadpool-cpp.cc:99] Warning: Leaking Caffe2 thread-pool after fork. (function pthreadpool)
[W pthreadpool-cpp.cc:99] Warning: Leaking Caffe2 thread-pool after fork. (function pthreadpool)
[W pthreadpool-cpp.cc:99] Warning: Leaking Caffe2 thread-pool after fork. (function pthreadpool)
[W pthreadpool-cpp.cc:99] Warning: Leaking Caffe2 thread-pool after fork. (function pthreadpool)
[W pthreadpool-cpp.cc:99] Warning: Leaking Caffe2 thread-pool after fork. (function pthreadpool)
[W pthreadpool-cpp.cc:99] Warning: Leaking Caffe2 thread-pool after fork. (function pthreadpool)
[W pthreadpool-cpp.cc:99] Warning: Leaking Caffe2 thread-pool after fork. (function pthreadpool)
[W pthreadpool-cpp.cc:99] Warning: Leaking Caffe2 thread-pool after fork. (function pthreadpool)
[W pthreadpool-cpp.cc:99] Warning: Leaking Caffe2 thread-pool after fork. (function pthreadpool)
[W pthreadpool-cpp.cc:99] Warning: Leaking Caffe2 thread-pool after fork. (function pthreadpool)
[W pthreadpool-cpp.cc:99] Warning: Leaking Caffe2 thread-pool after fork. (function pthreadpool)
[W pthreadpool-cpp.cc:99] Warning: Leaking Caffe2 thread-pool after fork. (function pthreadpool)
[W pthreadpool-cpp.cc:99] Warning: Leaking Caffe2 thread-pool after fork. (function pthreadpool)
[W pthreadpool-cpp.cc:99] Warning: Leaking Caffe2 thread-pool after fork. (function pthreadpool)
[W pthreadpool-cpp.cc:99] Warning: Leaking Caffe2 thread-pool after fork. (function pthreadpool)
[W pthreadpool-cpp.cc:99] Warning: Leaking Caffe2 thread-pool after fork. (function pthreadpool)
[W pthreadpool-cpp.cc:99] Warning: Leaking Caffe2 thread-pool after fork. (function pthreadpool)
[W pthreadpool-cpp.cc:99] Warning: Leaking Caffe2 thread-pool after fork. (function pthreadpool)
[W pthreadpool-cpp.cc:99] Warning: Leaking Caffe2 thread-pool after fork. (function pthreadpool)
[W pthreadpool-cpp.cc:99] Warning: Leaking Caffe2 thread-pool after fork. (function pthreadpool)
[W pthreadpool-cpp.cc:99] Warning: Leaking Caffe2 thread-pool after fork. (function pthreadpool)
[W pthreadpool-cpp.cc:99] Warning: Leaking Caffe2 thread-pool after fork. (function pthreadpool)
[W pthreadpool-cpp.cc:99] Warning: Leaking Caffe2 thread-pool after fork. (function pthreadpool)
[W pthreadpool-cpp.cc:99] Warning: Leaking Caffe2 thread-pool after fork. (function pthreadpool)
[W pthreadpool-cpp.cc:99] Warning: Leaking Caffe2 thread-pool after fork. (function pthreadpool)
[W pthreadpool-cpp.cc:99] Warning: Leaking Caffe2 thread-pool after fork. (function pthreadpool)
[W pthreadpool-cpp.cc:99] Warning: Leaking Caffe2 thread-pool after fork. (function pthreadpool)
INFO:ignite.engine.engine.SupervisedTrainer:Saved checkpoint at epoch: 4
INFO:ignite.engine.engine.SupervisedTrainer:Epoch[4] Complete. Time taken: 00:00:02
[W pthreadpool-cpp.cc:99] Warning: Leaking Caffe2 thread-pool after fork. (function pthreadpool)
[W pthreadpool-cpp.cc:99] Warning: Leaking Caffe2 thread-pool after fork. (function pthreadpool)
INFO:ignite.engine.engine.SupervisedTrainer:Epoch: 5/5, Iter: 1/2 -- train_loss: 0.5382 
INFO:ignite.engine.engine.SupervisedTrainer:Epoch: 5/5, Iter: 2/2 -- train_loss: 0.4016 
INFO:ignite.engine.engine.SupervisedTrainer:Current learning rate: 1e-05
INFO:ignite.engine.engine.SupervisedTrainer:Epoch[5] Metrics -- train_acc: 0.9489 
INFO:ignite.engine.engine.SupervisedTrainer:Key metric: train_acc best value: 0.9498168230056763 at epoch: 3
INFO:ignite.engine.engine.SupervisedTrainer:Epoch[5] Complete. Time taken: 00:00:02
INFO:ignite.engine.engine.SupervisedTrainer:Engine run complete. Time taken: 00:00:37
INFO:ignite.engine.engine.SupervisedTrainer:Current learning rate: 1e-05
INFO:ignite.engine.engine.SupervisedTrainer:Epoch[5] Complete. Time taken: 00:00:02
INFO:ignite.engine.engine.SupervisedTrainer:Engine run complete. Time taken: 00:00:37
INFO:ignite.engine.engine.SupervisedTrainer:Current learning rate: 1e-05
INFO:ignite.engine.engine.SupervisedTrainer:Epoch[5] Complete. Time taken: 00:00:02
INFO:ignite.engine.engine.SupervisedTrainer:Engine run complete. Time taken: 00:00:37
INFO:ignite.engine.engine.SupervisedTrainer:Current learning rate: 1e-05
INFO:ignite.engine.engine.SupervisedTrainer:Epoch[5] Complete. Time taken: 00:00:02
INFO:ignite.engine.engine.SupervisedTrainer:Engine run complete. Time taken: 00:00:37
INFO:ignite.engine.engine.SupervisedTrainer:Current learning rate: 1e-05
INFO:ignite.engine.engine.SupervisedTrainer:Epoch[5] Complete. Time taken: 00:00:02
INFO:ignite.engine.engine.SupervisedTrainer:Engine run complete. Time taken: 00:00:37
INFO:ignite.engine.engine.SupervisedTrainer:Current learning rate: 1e-05
INFO:ignite.engine.engine.SupervisedTrainer:Epoch[5] Complete. Time taken: 00:00:02
INFO:ignite.engine.engine.SupervisedTrainer:Engine run complete. Time taken: 00:00:37
INFO:ignite.engine.engine.SupervisedTrainer:Current learning rate: 1e-05
INFO:ignite.engine.engine.SupervisedTrainer:Epoch[5] Complete. Time taken: 00:00:02
INFO:ignite.engine.engine.SupervisedTrainer:Engine run complete. Time taken: 00:00:37
INFO:ignite.engine.engine.SupervisedTrainer:Current learning rate: 1e-05
INFO:ignite.engine.engine.SupervisedTrainer:Epoch[5] Complete. Time taken: 00:00:02
INFO:ignite.engine.engine.SupervisedTrainer:Engine run complete. Time taken: 00:00:37
INFO:ignite.engine.engine.SupervisedTrainer:Current learning rate: 1e-05
INFO:ignite.engine.engine.SupervisedTrainer:Epoch[5] Complete. Time taken: 00:00:02
INFO:ignite.engine.engine.SupervisedTrainer:Engine run complete. Time taken: 00:00:37
INFO:ignite.engine.engine.SupervisedTrainer:Current learning rate: 1e-05
INFO:ignite.engine.engine.SupervisedTrainer:Epoch[5] Complete. Time taken: 00:00:02
INFO:ignite.engine.engine.SupervisedTrainer:Engine run complete. Time taken: 00:00:37
INFO:ignite.engine.engine.SupervisedTrainer:Current learning rate: 1e-05
INFO:ignite.engine.engine.SupervisedTrainer:Epoch[5] Complete. Time taken: 00:00:02
INFO:ignite.engine.engine.SupervisedTrainer:Engine run complete. Time taken: 00:00:37
INFO:ignite.engine.engine.SupervisedTrainer:Current learning rate: 1e-05
INFO:ignite.engine.engine.SupervisedTrainer:Epoch[5] Complete. Time taken: 00:00:02
INFO:ignite.engine.engine.SupervisedTrainer:Engine run complete. Time taken: 00:00:37
INFO:ignite.engine.engine.SupervisedTrainer:Current learning rate: 1e-05
INFO:ignite.engine.engine.SupervisedTrainer:Epoch[5] Complete. Time taken: 00:00:02
INFO:ignite.engine.engine.SupervisedTrainer:Engine run complete. Time taken: 00:00:37
INFO:ignite.engine.engine.SupervisedTrainer:Current learning rate: 1e-05
INFO:ignite.engine.engine.SupervisedTrainer:Epoch[5] Complete. Time taken: 00:00:02
INFO:ignite.engine.engine.SupervisedTrainer:Engine run complete. Time taken: 00:00:37
INFO:ignite.engine.engine.SupervisedTrainer:Current learning rate: 1e-05
INFO:ignite.engine.engine.SupervisedTrainer:Epoch[5] Complete. Time taken: 00:00:02
INFO:ignite.engine.engine.SupervisedTrainer:Engine run complete. Time taken: 00:00:37
INFO:ignite.engine.engine.SupervisedTrainer:Current learning rate: 1e-05
INFO:ignite.engine.engine.SupervisedTrainer:Epoch[5] Complete. Time taken: 00:00:02
INFO:ignite.engine.engine.SupervisedTrainer:Engine run complete. Time taken: 00:00:37
