/home/hju/pt_dist_launch/UF_tutorial_multinode_MONAI
c1009a-s11.ufhpc
Fri Sep 24 20:54:19 EDT 2021
Primary node: c1009a-s11
Primary TCP port: 31610
Secondary nodes: c1009a-s35
Running "/home/hju/pt_dist_launch/UF_tutorial_multinode_MONAI/unet_training_ddp_slurm.py" on each node...
[33mWARNING:[0m underlay of /etc/localtime required more than 50 (92) bind mounts
[33mWARNING:[0m underlay of /etc/localtime required more than 50 (92) bind mounts
[33mWARNING:[0m underlay of /etc/localtime required more than 50 (92) bind mounts
[33mWARNING:[0m underlay of /etc/localtime required more than 50 (92) bind mounts
[33mWARNING:[0m underlay of /etc/localtime required more than 50 (92) bind mounts
[33mWARNING:[0m underlay of /etc/localtime required more than 50 (92) bind mounts
[33mWARNING:[0m underlay of /etc/localtime required more than 50 (92) bind mounts
[33mWARNING:[0m underlay of /etc/localtime required more than 50 (92) bind mounts
[33mWARNING:[0m underlay of /usr/bin/nvidia-smi required more than 50 (473) bind mounts
[33mWARNING:[0m underlay of /usr/bin/nvidia-smi required more than 50 (473) bind mounts
[33mWARNING:[0m underlay of /usr/bin/nvidia-smi required more than 50 (473) bind mounts
[33mWARNING:[0m underlay of /usr/bin/nvidia-smi required more than 50 (473) bind mounts
[33mWARNING:[0m underlay of /usr/bin/nvidia-smi required more than 50 (473) bind mounts
[33mWARNING:[0m underlay of /usr/bin/nvidia-smi required more than 50 (473) bind mounts
[33mWARNING:[0m underlay of /usr/bin/nvidia-smi required more than 50 (473) bind mounts
[33mWARNING:[0m underlay of /usr/bin/nvidia-smi required more than 50 (473) bind mounts
[33mWARNING:[0m underlay of /etc/localtime required more than 50 (92) bind mounts
[33mWARNING:[0m underlay of /etc/localtime required more than 50 (92) bind mounts
[33mWARNING:[0m underlay of /etc/localtime required more than 50 (92) bind mounts
[33mWARNING:[0m underlay of /etc/localtime required more than 50 (92) bind mounts
[33mWARNING:[0m underlay of /etc/localtime required more than 50 (92) bind mounts
[33mWARNING:[0m underlay of /etc/localtime required more than 50 (92) bind mounts
[33mWARNING:[0m underlay of /etc/localtime required more than 50 (92) bind mounts
[33mWARNING:[0m underlay of /etc/localtime required more than 50 (92) bind mounts
[33mWARNING:[0m underlay of /usr/bin/nvidia-smi required more than 50 (473) bind mounts
[33mWARNING:[0m underlay of /usr/bin/nvidia-smi required more than 50 (473) bind mounts
[33mWARNING:[0m underlay of /usr/bin/nvidia-smi required more than 50 (473) bind mounts
[33mWARNING:[0m underlay of /usr/bin/nvidia-smi required more than 50 (473) bind mounts
[33mWARNING:[0m underlay of /usr/bin/nvidia-smi required more than 50 (473) bind mounts
[33mWARNING:[0m underlay of /usr/bin/nvidia-smi required more than 50 (473) bind mounts
[33mWARNING:[0m underlay of /usr/bin/nvidia-smi required more than 50 (473) bind mounts
[33mWARNING:[0m underlay of /usr/bin/nvidia-smi required more than 50 (473) bind mounts
rm: cannot remove '/usr/local/cuda/compat/lib': Read-only file system
rm: cannot remove '/usr/local/cuda/compat/lib': Read-only file system
rm: cannot remove '/usr/local/cuda/compat/lib': Read-only file system
rm: cannot remove '/usr/local/cuda/compat/lib': Read-only file system
rm: cannot remove '/usr/local/cuda/compat/lib': Read-only file system
rm: cannot remove '/usr/local/cuda/compat/lib': Read-only file system
rm: cannot remove '/usr/local/cuda/compat/lib': Read-only file system
rm: cannot remove '/usr/local/cuda/compat/lib': Read-only file system
[0] generating synthetic data to ./testdata (this may take a while)
NCCL version 2.10.3+cuda11.4
[0] ---------- epoch 1/5
[2] ---------- epoch 1/5
[7] ---------- epoch 1/5
[1] ---------- epoch 1/5
[3] ---------- epoch 1/5
[4] ---------- epoch 1/5
[5] ---------- epoch 1/5
[6] ---------- epoch 1/5
[8] ---------- epoch 1/5
[13] ---------- epoch 1/5
[9] ---------- epoch 1/5
[10] ---------- epoch 1/5
[11] ---------- epoch 1/5
[12] ---------- epoch 1/5
[14] ---------- epoch 1/5
[15] ---------- epoch 1/5
[9] 1/32, train_loss: 0.6527
[10] 1/32, train_loss: 0.7679
[11] 1/32, train_loss: 0.6368
[12] 1/32, train_loss: 0.6531
[13] 1/32, train_loss: 0.6594
[14] 1/32, train_loss: 0.6893
[0] 1/32, train_loss: 0.6758
[1] 1/32, train_loss: 0.6752
[2] 1/32, train_loss: 0.7256
[3] 1/32, train_loss: 0.7110
[4] 1/32, train_loss: 0.6513
[5] 1/32, train_loss: 0.6568
[6] 1/32, train_loss: 0.7291
[7] 1/32, train_loss: 0.6435
[8] 1/32, train_loss: 0.7020
[15] 1/32, train_loss: 0.6473
[1] 2/32, train_loss: 0.7113
[2] 2/32, train_loss: 0.6159
[3] 2/32, train_loss: 0.7861
[4] 2/32, train_loss: 0.7184
[5] 2/32, train_loss: 0.6608
[6] 2/32, train_loss: 0.6364
[7] 2/32, train_loss: 0.6421
[0] 2/32, train_loss: 0.6298
[9] 2/32, train_loss: 0.6847
[10] 2/32, train_loss: 0.6656
[11] 2/32, train_loss: 0.6484
[12] 2/32, train_loss: 0.6609
[13] 2/32, train_loss: 0.6801
[14] 2/32, train_loss: 0.6605
[15] 2/32, train_loss: 0.6526
[8] 2/32, train_loss: 0.6168
[0] epoch 1, average loss: 0.6528
[0] ---------- epoch 2/5
[1] epoch 1, average loss: 0.6932
[1] ---------- epoch 2/5
[12] epoch 1, average loss: 0.6570
[12] ---------- epoch 2/5
[15] epoch 1, average loss: 0.6499
[15] ---------- epoch 2/5
[7] epoch 1, average loss: 0.6428
[11] epoch 1, average loss: 0.6426
[11] ---------- epoch 2/5
[14] epoch 1, average loss: 0.6749
[14] ---------- epoch 2/5
[3] epoch 1, average loss: 0.7485
[3] ---------- epoch 2/5
[4] epoch 1, average loss: 0.6849
[4] ---------- epoch 2/5
[7] ---------- epoch 2/5
[10] epoch 1, average loss: 0.7168
[10] ---------- epoch 2/5
[8] epoch 1, average loss: 0.6594
[8] ---------- epoch 2/5
[9] epoch 1, average loss: 0.6687
[9] ---------- epoch 2/5
[13] epoch 1, average loss: 0.6698
[13] ---------- epoch 2/5
[5] epoch 1, average loss: 0.6588
[5] ---------- epoch 2/5
[6] epoch 1, average loss: 0.6828
[6] ---------- epoch 2/5
[2] epoch 1, average loss: 0.6707
[2] ---------- epoch 2/5
[W pthreadpool-cpp.cc:99] Warning: Leaking Caffe2 thread-pool after fork. (function pthreadpool)
[W pthreadpool-cpp.cc:99] Warning: Leaking Caffe2 thread-pool after fork. (function pthreadpool)
[W pthreadpool-cpp.cc:99] Warning: Leaking Caffe2 thread-pool after fork. (function pthreadpool)
[W pthreadpool-cpp.cc:99] Warning: Leaking Caffe2 thread-pool after fork. (function pthreadpool)
[W pthreadpool-cpp.cc:99] Warning: Leaking Caffe2 thread-pool after fork. (function pthreadpool)
[W pthreadpool-cpp.cc:99] Warning: Leaking Caffe2 thread-pool after fork. (function pthreadpool)
[W pthreadpool-cpp.cc:99] Warning: Leaking Caffe2 thread-pool after fork. (function pthreadpool)
[W pthreadpool-cpp.cc:99] Warning: Leaking Caffe2 thread-pool after fork. (function pthreadpool)
[W pthreadpool-cpp.cc:99] Warning: Leaking Caffe2 thread-pool after fork. (function pthreadpool)
[W pthreadpool-cpp.cc:99] Warning: Leaking Caffe2 thread-pool after fork. (function pthreadpool)
[W pthreadpool-cpp.cc:99] Warning: Leaking Caffe2 thread-pool after fork. (function pthreadpool)
[W pthreadpool-cpp.cc:99] Warning: Leaking Caffe2 thread-pool after fork. (function pthreadpool)
[W pthreadpool-cpp.cc:99] Warning: Leaking Caffe2 thread-pool after fork. (function pthreadpool)
[W pthreadpool-cpp.cc:99] Warning: Leaking Caffe2 thread-pool after fork. (function pthreadpool)
[W pthreadpool-cpp.cc:99] Warning: Leaking Caffe2 thread-pool after fork. (function pthreadpool)
[W pthreadpool-cpp.cc:99] Warning: Leaking Caffe2 thread-pool after fork. (function pthreadpool)
[W pthreadpool-cpp.cc:99] Warning: Leaking Caffe2 thread-pool after fork. (function pthreadpool)
[W pthreadpool-cpp.cc:99] Warning: Leaking Caffe2 thread-pool after fork. (function pthreadpool)
[W pthreadpool-cpp.cc:99] Warning: Leaking Caffe2 thread-pool after fork. (function pthreadpool)
[W pthreadpool-cpp.cc:99] Warning: Leaking Caffe2 thread-pool after fork. (function pthreadpool)
[W pthreadpool-cpp.cc:99] Warning: Leaking Caffe2 thread-pool after fork. (function pthreadpool)
[W pthreadpool-cpp.cc:99] Warning: Leaking Caffe2 thread-pool after fork. (function pthreadpool)
[W pthreadpool-cpp.cc:99] Warning: Leaking Caffe2 thread-pool after fork. (function pthreadpool)
[W pthreadpool-cpp.cc:99] Warning: Leaking Caffe2 thread-pool after fork. (function pthreadpool)
[W pthreadpool-cpp.cc:99] Warning: Leaking Caffe2 thread-pool after fork. (function pthreadpool)
[W pthreadpool-cpp.cc:99] Warning: Leaking Caffe2 thread-pool after fork. (function pthreadpool)
[W pthreadpool-cpp.cc:99] Warning: Leaking Caffe2 thread-pool after fork. (function pthreadpool)
[W pthreadpool-cpp.cc:99] Warning: Leaking Caffe2 thread-pool after fork. (function pthreadpool)
[W pthreadpool-cpp.cc:99] Warning: Leaking Caffe2 thread-pool after fork. (function pthreadpool)
[W pthreadpool-cpp.cc:99] Warning: Leaking Caffe2 thread-pool after fork. (function pthreadpool)
[W pthreadpool-cpp.cc:99] Warning: Leaking Caffe2 thread-pool after fork. (function pthreadpool)
[W pthreadpool-cpp.cc:99] Warning: Leaking Caffe2 thread-pool after fork. (function pthreadpool)
[0] 1/32, train_loss: 0.6673
[1] 1/32, train_loss: 0.6187
[2] 1/32, train_loss: 0.6717
[3] 1/32, train_loss: 0.6851
[4] 1/32, train_loss: 0.6818
[5] 1/32, train_loss: 0.6964
[6] 1/32, train_loss: 0.6644
[7] 1/32, train_loss: 0.7294
[9] 1/32, train_loss: 0.6694
[11] 1/32, train_loss: 0.6594
[15] 1/32, train_loss: 0.6867
[8] 1/32, train_loss: 0.6430
[10] 1/32, train_loss: 0.7436
[12] 1/32, train_loss: 0.6327
[13] 1/32, train_loss: 0.6583
[14] 1/32, train_loss: 0.6601
[0] 2/32, train_loss: 0.6645
[5] 2/32, train_loss: 0.6618
[7] 2/32, train_loss: 0.7209
[9] 2/32, train_loss: 0.6104
[2] 2/32, train_loss: 0.6728
[3] 2/32, train_loss: 0.6732
[10] 2/32, train_loss: 0.6486
[4] 2/32, train_loss: 0.6401
[11] 2/32, train_loss: 0.6041
[13] 2/32, train_loss: 0.6544
[14] 2/32, train_loss: 0.6885
[15] 2/32, train_loss: 0.6024
[8] 2/32, train_loss: 0.6725
[12] 2/32, train_loss: 0.6726
[1] 2/32, train_loss: 0.6507
[6] 2/32, train_loss: 0.6933
[9] epoch 2, average loss: 0.6399
[0] epoch 2, average loss: 0.6659
[9] ---------- epoch 3/5
[0] ---------- epoch 3/5
[7] epoch 2, average loss: 0.7251
[7] ---------- epoch 3/5
[5] epoch 2, average loss: 0.6791
[14] epoch 2, average loss: 0.6743
[14] ---------- epoch 3/5
[4] epoch 2, average loss: 0.6609
[4] ---------- epoch 3/5
[5] ---------- epoch 3/5
[8] epoch 2, average loss: 0.6578
[8] ---------- epoch 3/5
[11] epoch 2, average loss: 0.6318
[11] ---------- epoch 3/5
[2] epoch 2, average loss: 0.6722
[2] ---------- epoch 3/5
[15] epoch 2, average loss: 0.6445
[15] ---------- epoch 3/5
[10] epoch 2, average loss: 0.6961
[10] ---------- epoch 3/5
[12] epoch 2, average loss: 0.6527
[12] ---------- epoch 3/5
[1] epoch 2, average loss: 0.6347
[1] ---------- epoch 3/5
[W pthreadpool-cpp.cc:99] Warning: Leaking Caffe2 thread-pool after fork. (function pthreadpool)
[13] epoch 2, average loss: 0.6564
[13] ---------- epoch 3/5
[W pthreadpool-cpp.cc:99] Warning: Leaking Caffe2 thread-pool after fork. (function pthreadpool)
[3] epoch 2, average loss: 0.6791
[3] ---------- epoch 3/5
[W pthreadpool-cpp.cc:99] Warning: Leaking Caffe2 thread-pool after fork. (function pthreadpool)
[6] epoch 2, average loss: 0.6789
[6] ---------- epoch 3/5
[W pthreadpool-cpp.cc:99] Warning: Leaking Caffe2 thread-pool after fork. (function pthreadpool)
[W pthreadpool-cpp.cc:99] Warning: Leaking Caffe2 thread-pool after fork. (function pthreadpool)
[W pthreadpool-cpp.cc:99] Warning: Leaking Caffe2 thread-pool after fork. (function pthreadpool)
[W pthreadpool-cpp.cc:99] Warning: Leaking Caffe2 thread-pool after fork. (function pthreadpool)
[W pthreadpool-cpp.cc:99] Warning: Leaking Caffe2 thread-pool after fork. (function pthreadpool)
[W pthreadpool-cpp.cc:99] Warning: Leaking Caffe2 thread-pool after fork. (function pthreadpool)
[W pthreadpool-cpp.cc:99] Warning: Leaking Caffe2 thread-pool after fork. (function pthreadpool)
[W pthreadpool-cpp.cc:99] Warning: Leaking Caffe2 thread-pool after fork. (function pthreadpool)
[W pthreadpool-cpp.cc:99] Warning: Leaking Caffe2 thread-pool after fork. (function pthreadpool)
[W pthreadpool-cpp.cc:99] Warning: Leaking Caffe2 thread-pool after fork. (function pthreadpool)
[W pthreadpool-cpp.cc:99] Warning: Leaking Caffe2 thread-pool after fork. (function pthreadpool)
[W pthreadpool-cpp.cc:99] Warning: Leaking Caffe2 thread-pool after fork. (function pthreadpool)
[W pthreadpool-cpp.cc:99] Warning: Leaking Caffe2 thread-pool after fork. (function pthreadpool)
[W pthreadpool-cpp.cc:99] Warning: Leaking Caffe2 thread-pool after fork. (function pthreadpool)
[W pthreadpool-cpp.cc:99] Warning: Leaking Caffe2 thread-pool after fork. (function pthreadpool)
[W pthreadpool-cpp.cc:99] Warning: Leaking Caffe2 thread-pool after fork. (function pthreadpool)
[W pthreadpool-cpp.cc:99] Warning: Leaking Caffe2 thread-pool after fork. (function pthreadpool)
[W pthreadpool-cpp.cc:99] Warning: Leaking Caffe2 thread-pool after fork. (function pthreadpool)
[W pthreadpool-cpp.cc:99] Warning: Leaking Caffe2 thread-pool after fork. (function pthreadpool)
[W pthreadpool-cpp.cc:99] Warning: Leaking Caffe2 thread-pool after fork. (function pthreadpool)
[W pthreadpool-cpp.cc:99] Warning: Leaking Caffe2 thread-pool after fork. (function pthreadpool)
[W pthreadpool-cpp.cc:99] Warning: Leaking Caffe2 thread-pool after fork. (function pthreadpool)
[W pthreadpool-cpp.cc:99] Warning: Leaking Caffe2 thread-pool after fork. (function pthreadpool)
[W pthreadpool-cpp.cc:99] Warning: Leaking Caffe2 thread-pool after fork. (function pthreadpool)
[W pthreadpool-cpp.cc:99] Warning: Leaking Caffe2 thread-pool after fork. (function pthreadpool)
[W pthreadpool-cpp.cc:99] Warning: Leaking Caffe2 thread-pool after fork. (function pthreadpool)
[W pthreadpool-cpp.cc:99] Warning: Leaking Caffe2 thread-pool after fork. (function pthreadpool)
[W pthreadpool-cpp.cc:99] Warning: Leaking Caffe2 thread-pool after fork. (function pthreadpool)
[W pthreadpool-cpp.cc:99] Warning: Leaking Caffe2 thread-pool after fork. (function pthreadpool)
[8] 1/32, train_loss: 0.6662
[9] 1/32, train_loss: 0.5771
[10] 1/32, train_loss: 0.6766
[11] 1/32, train_loss: 0.6045
[12] 1/32, train_loss: 0.6413
[13] 1/32, train_loss: 0.6489
[14] 1/32, train_loss: 0.6816
[15] 1/32, train_loss: 0.6622
[1] 1/32, train_loss: 0.6547
[2] 1/32, train_loss: 0.6822
[3] 1/32, train_loss: 0.6155
[4] 1/32, train_loss: 0.6515
[5] 1/32, train_loss: 0.6666
[6] 1/32, train_loss: 0.6804
[7] 1/32, train_loss: 0.6678
[0] 1/32, train_loss: 0.6713
[0] 2/32, train_loss: 0.6074
[1] 2/32, train_loss: 0.6305
[2] 2/32, train_loss: 0.6197
[3] 2/32, train_loss: 0.6072
[4] 2/32, train_loss: 0.6167
[5] 2/32, train_loss: 0.7436
[6] 2/32, train_loss: 0.6883
[7] 2/32, train_loss: 0.6543
[9] 2/32, train_loss: 0.6738
[11] 2/32, train_loss: 0.6170
[12] 2/32, train_loss: 0.6330
[14] 2/32, train_loss: 0.6251
[15] 2/32, train_loss: 0.6905
[8] 2/32, train_loss: 0.6185
[10] 2/32, train_loss: 0.5958
[13] 2/32, train_loss: 0.6780
[15] epoch 3, average loss: 0.6763
[15] ---------- epoch 4/5
[7] epoch 3, average loss: 0.6610
[7] ---------- epoch 4/5
[0] epoch 3, average loss: 0.6394
[0] ---------- epoch 4/5
[12] epoch 3, average loss: 0.6372
[12] ---------- epoch 4/5
[4] epoch 3, average loss: 0.6341
[4] ---------- epoch 4/5
[14] epoch 3, average loss: 0.6534
[14] ---------- epoch 4/5
[5] epoch 3, average loss: 0.7051
[5] ---------- epoch 4/5
[6] epoch 3, average loss: 0.6844
[6] ---------- epoch 4/5
[10] epoch 3, average loss: 0.6362
[10] ---------- epoch 4/5
[11] epoch 3, average loss: 0.6107
[11] ---------- epoch 4/5
[2] epoch 3, average loss: 0.6510
[2] ---------- epoch 4/5
[1] epoch 3, average loss: 0.6426
[1] ---------- epoch 4/5
[8] epoch 3, average loss: 0.6424
[8] ---------- epoch 4/5
[W pthreadpool-cpp.cc:99] Warning: Leaking Caffe2 thread-pool after fork. (function pthreadpool)
[W pthreadpool-cpp.cc:99] Warning: Leaking Caffe2 thread-pool after fork. (function pthreadpool)
[9] epoch 3, average loss: 0.6254
[9] ---------- epoch 4/5
[13] epoch 3, average loss: 0.6634
[13] ---------- epoch 4/5
[W pthreadpool-cpp.cc:99] Warning: Leaking Caffe2 thread-pool after fork. (function pthreadpool)
[3] epoch 3, average loss: 0.6114
[3] ---------- epoch 4/5
[W pthreadpool-cpp.cc:99] Warning: Leaking Caffe2 thread-pool after fork. (function pthreadpool)
[W pthreadpool-cpp.cc:99] Warning: Leaking Caffe2 thread-pool after fork. (function pthreadpool)
[W pthreadpool-cpp.cc:99] Warning: Leaking Caffe2 thread-pool after fork. (function pthreadpool)
[W pthreadpool-cpp.cc:99] Warning: Leaking Caffe2 thread-pool after fork. (function pthreadpool)
[W pthreadpool-cpp.cc:99] Warning: Leaking Caffe2 thread-pool after fork. (function pthreadpool)
[W pthreadpool-cpp.cc:99] Warning: Leaking Caffe2 thread-pool after fork. (function pthreadpool)
[W pthreadpool-cpp.cc:99] Warning: Leaking Caffe2 thread-pool after fork. (function pthreadpool)
[W pthreadpool-cpp.cc:99] Warning: Leaking Caffe2 thread-pool after fork. (function pthreadpool)
[W pthreadpool-cpp.cc:99] Warning: Leaking Caffe2 thread-pool after fork. (function pthreadpool)
[W pthreadpool-cpp.cc:99] Warning: Leaking Caffe2 thread-pool after fork. (function pthreadpool)
[W pthreadpool-cpp.cc:99] Warning: Leaking Caffe2 thread-pool after fork. (function pthreadpool)
[W pthreadpool-cpp.cc:99] Warning: Leaking Caffe2 thread-pool after fork. (function pthreadpool)
[W pthreadpool-cpp.cc:99] Warning: Leaking Caffe2 thread-pool after fork. (function pthreadpool)
[W pthreadpool-cpp.cc:99] Warning: Leaking Caffe2 thread-pool after fork. (function pthreadpool)
[W pthreadpool-cpp.cc:99] Warning: Leaking Caffe2 thread-pool after fork. (function pthreadpool)
[W pthreadpool-cpp.cc:99] Warning: Leaking Caffe2 thread-pool after fork. (function pthreadpool)
[W pthreadpool-cpp.cc:99] Warning: Leaking Caffe2 thread-pool after fork. (function pthreadpool)
[W pthreadpool-cpp.cc:99] Warning: Leaking Caffe2 thread-pool after fork. (function pthreadpool)
[W pthreadpool-cpp.cc:99] Warning: Leaking Caffe2 thread-pool after fork. (function pthreadpool)
[W pthreadpool-cpp.cc:99] Warning: Leaking Caffe2 thread-pool after fork. (function pthreadpool)
[W pthreadpool-cpp.cc:99] Warning: Leaking Caffe2 thread-pool after fork. (function pthreadpool)
[W pthreadpool-cpp.cc:99] Warning: Leaking Caffe2 thread-pool after fork. (function pthreadpool)
[W pthreadpool-cpp.cc:99] Warning: Leaking Caffe2 thread-pool after fork. (function pthreadpool)
[W pthreadpool-cpp.cc:99] Warning: Leaking Caffe2 thread-pool after fork. (function pthreadpool)
[W pthreadpool-cpp.cc:99] Warning: Leaking Caffe2 thread-pool after fork. (function pthreadpool)
[W pthreadpool-cpp.cc:99] Warning: Leaking Caffe2 thread-pool after fork. (function pthreadpool)
[W pthreadpool-cpp.cc:99] Warning: Leaking Caffe2 thread-pool after fork. (function pthreadpool)
[W pthreadpool-cpp.cc:99] Warning: Leaking Caffe2 thread-pool after fork. (function pthreadpool)
[W pthreadpool-cpp.cc:99] Warning: Leaking Caffe2 thread-pool after fork. (function pthreadpool)
[9] 1/32, train_loss: 0.6267
[10] 1/32, train_loss: 0.5945
[11] 1/32, train_loss: 0.6424
[12] 1/32, train_loss: 0.6527
[13] 1/32, train_loss: 0.6317
[14] 1/32, train_loss: 0.6204
[15] 1/32, train_loss: 0.6708
[2] 1/32, train_loss: 0.7012
[3] 1/32, train_loss: 0.7113
[4] 1/32, train_loss: 0.6103
[5] 1/32, train_loss: 0.6116
[7] 1/32, train_loss: 0.6396
[0] 1/32, train_loss: 0.6568
[1] 1/32, train_loss: 0.6220
[6] 1/32, train_loss: 0.6254
[8] 1/32, train_loss: 0.6207
[0] 2/32, train_loss: 0.6024
[2] 2/32, train_loss: 0.5691
[3] 2/32, train_loss: 0.6060
[4] 2/32, train_loss: 0.6343
[5] 2/32, train_loss: 0.6444
[7] 2/32, train_loss: 0.6389
[8] 2/32, train_loss: 0.6430
[6] 2/32, train_loss: 0.6087
[9] 2/32, train_loss: 0.5920
[10] 2/32, train_loss: 0.6660
[11] 2/32, train_loss: 0.6247
[13] 2/32, train_loss: 0.6720
[14] 2/32, train_loss: 0.6418
[15] 2/32, train_loss: 0.6144
[1] 2/32, train_loss: 0.6610
[12] 2/32, train_loss: 0.6717
[7] epoch 4, average loss: 0.6392
[7] ---------- epoch 5/5
[14] epoch 4, average loss: 0.6311
[14] ---------- epoch 5/5
[15] epoch 4, average loss: 0.6426
[15] ---------- epoch 5/5
[4] epoch 4, average loss: 0.6223
[4] ---------- epoch 5/5
[10] epoch 4, average loss: 0.6303
[10] ---------- epoch 5/5
[8] epoch 4, average loss: 0.6318
[0] epoch 4, average loss: 0.6296
[0] ---------- epoch 5/5
[2] epoch 4, average loss: 0.6352
[8] ---------- epoch 5/5
[2] ---------- epoch 5/5
[6] epoch 4, average loss: 0.6171
[6] ---------- epoch 5/5
[11] epoch 4, average loss: 0.6335
[11] ---------- epoch 5/5
[13] epoch 4, average loss: 0.6518
[1] epoch 4, average loss: 0.6415
[1] ---------- epoch 5/5
[3] epoch 4, average loss: 0.6586
[3] ---------- epoch 5/5
[5] epoch 4, average loss: 0.6280
[5] ---------- epoch 5/5
[12] epoch 4, average loss: 0.6622
[12] ---------- epoch 5/5
[13] ---------- epoch 5/5
[W pthreadpool-cpp.cc:99] Warning: Leaking Caffe2 thread-pool after fork. (function pthreadpool)
[W pthreadpool-cpp.cc:99] Warning: Leaking Caffe2 thread-pool after fork. (function pthreadpool)
[W pthreadpool-cpp.cc:99] Warning: Leaking Caffe2 thread-pool after fork. (function pthreadpool)
[W pthreadpool-cpp.cc:99] Warning: Leaking Caffe2 thread-pool after fork. (function pthreadpool)
[9] epoch 4, average loss: 0.6093
[9] ---------- epoch 5/5
[W pthreadpool-cpp.cc:99] Warning: Leaking Caffe2 thread-pool after fork. (function pthreadpool)
[W pthreadpool-cpp.cc:99] Warning: Leaking Caffe2 thread-pool after fork. (function pthreadpool)
[W pthreadpool-cpp.cc:99] Warning: Leaking Caffe2 thread-pool after fork. (function pthreadpool)
[W pthreadpool-cpp.cc:99] Warning: Leaking Caffe2 thread-pool after fork. (function pthreadpool)
[W pthreadpool-cpp.cc:99] Warning: Leaking Caffe2 thread-pool after fork. (function pthreadpool)
[W pthreadpool-cpp.cc:99] Warning: Leaking Caffe2 thread-pool after fork. (function pthreadpool)
[W pthreadpool-cpp.cc:99] Warning: Leaking Caffe2 thread-pool after fork. (function pthreadpool)
[W pthreadpool-cpp.cc:99] Warning: Leaking Caffe2 thread-pool after fork. (function pthreadpool)
[W pthreadpool-cpp.cc:99] Warning: Leaking Caffe2 thread-pool after fork. (function pthreadpool)
[W pthreadpool-cpp.cc:99] Warning: Leaking Caffe2 thread-pool after fork. (function pthreadpool)
[W pthreadpool-cpp.cc:99] Warning: Leaking Caffe2 thread-pool after fork. (function pthreadpool)
[W pthreadpool-cpp.cc:99] Warning: Leaking Caffe2 thread-pool after fork. (function pthreadpool)
[W pthreadpool-cpp.cc:99] Warning: Leaking Caffe2 thread-pool after fork. (function pthreadpool)
[W pthreadpool-cpp.cc:99] Warning: Leaking Caffe2 thread-pool after fork. (function pthreadpool)
[W pthreadpool-cpp.cc:99] Warning: Leaking Caffe2 thread-pool after fork. (function pthreadpool)
[W pthreadpool-cpp.cc:99] Warning: Leaking Caffe2 thread-pool after fork. (function pthreadpool)
[W pthreadpool-cpp.cc:99] Warning: Leaking Caffe2 thread-pool after fork. (function pthreadpool)
[W pthreadpool-cpp.cc:99] Warning: Leaking Caffe2 thread-pool after fork. (function pthreadpool)
[W pthreadpool-cpp.cc:99] Warning: Leaking Caffe2 thread-pool after fork. (function pthreadpool)
[W pthreadpool-cpp.cc:99] Warning: Leaking Caffe2 thread-pool after fork. (function pthreadpool)
[W pthreadpool-cpp.cc:99] Warning: Leaking Caffe2 thread-pool after fork. (function pthreadpool)
[W pthreadpool-cpp.cc:99] Warning: Leaking Caffe2 thread-pool after fork. (function pthreadpool)
[W pthreadpool-cpp.cc:99] Warning: Leaking Caffe2 thread-pool after fork. (function pthreadpool)
[W pthreadpool-cpp.cc:99] Warning: Leaking Caffe2 thread-pool after fork. (function pthreadpool)
[W pthreadpool-cpp.cc:99] Warning: Leaking Caffe2 thread-pool after fork. (function pthreadpool)
[W pthreadpool-cpp.cc:99] Warning: Leaking Caffe2 thread-pool after fork. (function pthreadpool)
[W pthreadpool-cpp.cc:99] Warning: Leaking Caffe2 thread-pool after fork. (function pthreadpool)
[W pthreadpool-cpp.cc:99] Warning: Leaking Caffe2 thread-pool after fork. (function pthreadpool)
[1] 1/32, train_loss: 0.6813
[8] 1/32, train_loss: 0.5634
[9] 1/32, train_loss: 0.6531
[10] 1/32, train_loss: 0.6034
[11] 1/32, train_loss: 0.7060
[12] 1/32, train_loss: 0.6076
[13] 1/32, train_loss: 0.5750
[14] 1/32, train_loss: 0.5955
[15] 1/32, train_loss: 0.6377
[0] 1/32, train_loss: 0.6242
[2] 1/32, train_loss: 0.6125
[3] 1/32, train_loss: 0.6063
[4] 1/32, train_loss: 0.6790
[5] 1/32, train_loss: 0.5948
[6] 1/32, train_loss: 0.6332
[7] 1/32, train_loss: 0.5867
[0] 2/32, train_loss: 0.6161
[1] 2/32, train_loss: 0.6490
[3] 2/32, train_loss: 0.6185
[4] 2/32, train_loss: 0.5616
[5] 2/32, train_loss: 0.6358
[6] 2/32, train_loss: 0.6231
[7] 2/32, train_loss: 0.6022
[8] 2/32, train_loss: 0.6443
[9] 2/32, train_loss: 0.6651
[10] 2/32, train_loss: 0.5970
[11] 2/32, train_loss: 0.6057
[12] 2/32, train_loss: 0.6358
[13] 2/32, train_loss: 0.6625
[14] 2/32, train_loss: 0.6488
[15] 2/32, train_loss: 0.5892
[2] 2/32, train_loss: 0.6479
[9] epoch 5, average loss: 0.6591
[9] train completed, epoch losses: [0.6686976850032806, 0.6399236619472504, 0.62544384598732, 0.6093230843544006, 0.659073144197464]
[7] epoch 5, average loss: 0.5945
[7] train completed, epoch losses: [0.6428299248218536, 0.725115567445755, 0.6610276103019714, 0.6392495036125183, 0.594484269618988]
[14] epoch 5, average loss: 0.6222
[14] train completed, epoch losses: [0.6749230027198792, 0.6742656230926514, 0.6533616781234741, 0.6310590505599976, 0.6221504211425781]
[11] epoch 5, average loss: 0.6559
[5] epoch 5, average loss: 0.6153
[5] train completed, epoch losses: [0.6587912142276764, 0.6791170537471771, 0.7050696015357971, 0.6280091106891632, 0.615312248468399]
[11] train completed, epoch losses: [0.6425693035125732, 0.6317625045776367, 0.6107476353645325, 0.6335307657718658, 0.6558782160282135]
[1] epoch 5, average loss: 0.6651
[1] train completed, epoch losses: [0.6932294964790344, 0.6346974968910217, 0.6425886154174805, 0.6414620280265808, 0.6651421189308167]
[12] epoch 5, average loss: 0.6217
[12] train completed, epoch losses: [0.6569830477237701, 0.6526777446269989, 0.6371556222438812, 0.6622052788734436, 0.6216817796230316]
[10] epoch 5, average loss: 0.6002
[10] train completed, epoch losses: [0.7167834341526031, 0.6960896849632263, 0.6362303197383881, 0.630260705947876, 0.6001864671707153]
[6] epoch 5, average loss: 0.6282
[6] train completed, epoch losses: [0.6827571094036102, 0.6788662075996399, 0.6843555867671967, 0.6170755326747894, 0.6281921863555908]
[15] epoch 5, average loss: 0.6134
[15] train completed, epoch losses: [0.6499415338039398, 0.6445399522781372, 0.6763496398925781, 0.6425938904285431, 0.6134305596351624]
[0] epoch 5, average loss: 0.6201
[0] train completed, epoch losses: [0.6528364419937134, 0.6658606231212616, 0.6393562853336334, 0.6295799612998962, 0.6201335787773132]
[3] epoch 5, average loss: 0.6124
[3] train completed, epoch losses: [0.7485199570655823, 0.6791266202926636, 0.6113704741001129, 0.6586298942565918, 0.6123777627944946]
[8] epoch 5, average loss: 0.6038
[8] train completed, epoch losses: [0.6594043970108032, 0.6577790081501007, 0.6423724293708801, 0.6318296790122986, 0.6038262844085693]
[4] epoch 5, average loss: 0.6203
[4] train completed, epoch losses: [0.6848780810832977, 0.6609354913234711, 0.6341014206409454, 0.622342437505722, 0.6203050911426544]
[2] epoch 5, average loss: 0.6302
[2] train completed, epoch losses: [0.670721173286438, 0.672207772731781, 0.6509506702423096, 0.635166347026825, 0.6301963627338409]
[13] epoch 5, average loss: 0.6188
[13] train completed, epoch losses: [0.6697571277618408, 0.6563603579998016, 0.6634171903133392, 0.6518471837043762, 0.618756115436554]
